{
  "RSpec": {
    "coverage": {
      "/home/peterwdj/makers/makers-junior/week-2/oystercard/spec/journey_log_spec.rb": [
        1,
        null,
        1,
        1,
        1,
        1,
        null,
        null,
        null,
        1,
        1,
        1,
        null,
        1,
        1,
        1,
        1,
        null,
        null,
        null,
        1,
        1,
        1,
        1,
        null,
        null,
        null,
        1,
        1,
        1,
        1,
        1,
        null,
        null,
        null
      ],
      "/home/peterwdj/makers/makers-junior/week-2/oystercard/lib/journey_log.rb": [
        1,
        1,
        1,
        1,
        1,
        null,
        1,
        11,
        11,
        11,
        null,
        null,
        1,
        5,
        5,
        5,
        null,
        null,
        1,
        4,
        4,
        null,
        null,
        1,
        null,
        1,
        4,
        null,
        null,
        1,
        13,
        null,
        null,
        1,
        4,
        null,
        null,
        1,
        null,
        null,
        null,
        0,
        null,
        null,
        1,
        null,
        null,
        null,
        5,
        null,
        null,
        1,
        4,
        null,
        null,
        1,
        4,
        4,
        4,
        null,
        null
      ],
      "/home/peterwdj/makers/makers-junior/week-2/oystercard/spec/journey_spec.rb": [
        1,
        null,
        1,
        5,
        5,
        null,
        1,
        1,
        1,
        1,
        1,
        null,
        1,
        1,
        null,
        null,
        null,
        null,
        1,
        1,
        1,
        1,
        1,
        1,
        1,
        null,
        null,
        1,
        1,
        1,
        1,
        1,
        1,
        null,
        null,
        1,
        1,
        1,
        1,
        1,
        1,
        null,
        null,
        null
      ],
      "/home/peterwdj/makers/makers-junior/week-2/oystercard/lib/journey.rb": [
        1,
        1,
        null,
        1,
        16,
        16,
        16,
        null,
        null,
        1,
        1,
        1,
        1,
        1,
        null,
        null,
        1,
        9,
        null,
        null,
        1,
        8,
        null,
        null,
        1,
        5,
        5,
        null,
        null,
        1,
        3,
        null,
        null,
        1,
        null,
        1,
        1,
        null,
        null,
        1,
        3,
        0,
        0,
        0,
        null,
        null,
        null,
        null
      ],
      "/home/peterwdj/makers/makers-junior/week-2/oystercard/spec/oystercard_spec.rb": [
        1,
        1,
        1,
        null,
        1,
        null,
        3,
        2,
        1,
        0,
        0,
        null,
        null,
        1,
        1,
        null,
        null,
        1,
        2,
        null,
        1,
        4,
        null,
        null,
        1,
        1,
        2,
        null,
        null,
        null,
        null,
        1,
        1,
        2,
        null,
        null,
        null,
        1,
        1,
        1,
        1,
        1,
        0,
        null,
        null,
        null
      ],
      "/home/peterwdj/makers/makers-junior/week-2/oystercard/lib/oystercard.rb": [
        1,
        1,
        null,
        1,
        1,
        1,
        1,
        null,
        1,
        6,
        6,
        null,
        null,
        1,
        3,
        2,
        null,
        null,
        1,
        2,
        1,
        1,
        null,
        null,
        1,
        1,
        1,
        1,
        1,
        null,
        null,
        1,
        null,
        1,
        3,
        null,
        null,
        1,
        2,
        null,
        null,
        1,
        0,
        null,
        null,
        1,
        2,
        null,
        null,
        1,
        2,
        null,
        null,
        1,
        1,
        null,
        null,
        1,
        1,
        null,
        null,
        1,
        1,
        null,
        null
      ],
      "/home/peterwdj/makers/makers-junior/week-2/oystercard/spec/station_spec.rb": [
        1,
        null,
        1,
        null,
        3,
        null,
        1,
        1,
        null,
        null,
        1,
        1,
        null,
        null,
        null
      ],
      "/home/peterwdj/makers/makers-junior/week-2/oystercard/lib/station.rb": [
        1,
        1,
        null,
        1,
        2,
        2,
        null,
        null
      ]
    },
    "timestamp": 1509727480
  }
}
